//-------------------------- 8/2/2019 -- 21:49:20 -----
Processor Init:
   Intel (unknown, Pentium Pro/II/III family), ~2.55 Ghz
     (timed at roughly 2.56 Ghz)
   FPU detected
   MMX detected
   SSE detected
 
Math Init:
   Installing Standard C extensions
   Installing Assembly extensions
   Installing FPU extensions
   Installing MMX extensions
   Installing SSE extensions
 
Input Init:
   DirectInput enabled.

Initializing chunk mappings...
   o 'TEXT' maps to TextChunk
   o 'SCHK' maps to UnknownChunk
   o 'SCHK' maps to SimChunk
Loading compiled script E:/星麦梦/北科大学习/大一下/计算机实践/第18组  黄军锋-41624324  张笑予-41624317  阿旺江村-41624318/第18组--redfortress 《赤色要塞》/Bin/common/main.cs.
Loading compiled script E:/星麦梦/北科大学习/大一下/计算机实践/第18组  黄军锋-41624324  张笑予-41624317  阿旺江村-41624318/第18组--redfortress 《赤色要塞》/Bin/game/main.cs.
 % - Initializing Common
Loading compiled script E:/星麦梦/北科大学习/大一下/计算机实践/第18组  黄军锋-41624324  张笑予-41624317  阿旺江村-41624318/第18组--redfortress 《赤色要塞》/Bin/common/preferences/defaultPrefs.cs.
Reading Display Device information...
   Primary Display Device Found:
      Vendor Id: VEN_0000
      Device Id: DEV_0000

Using OpenGL rendering. Fullscreen: 0

Loading compiled script E:/星麦梦/北科大学习/大一下/计算机实践/第18组  黄军锋-41624324  张笑予-41624317  阿旺江村-41624318/第18组--redfortress 《赤色要塞》/Bin/common/gameScripts/xml.cs.
Loading compiled script E:/星麦梦/北科大学习/大一下/计算机实践/第18组  黄军锋-41624324  张笑予-41624317  阿旺江村-41624318/第18组--redfortress 《赤色要塞》/Bin/common/gameScripts/properties.cs.
Loading compiled script E:/星麦梦/北科大学习/大一下/计算机实践/第18组  黄军锋-41624324  张笑予-41624317  阿旺江村-41624318/第18组--redfortress 《赤色要塞》/Bin/common/gameScripts/common.cs.
Loading compiled script E:/星麦梦/北科大学习/大一下/计算机实践/第18组  黄军锋-41624324  张笑予-41624317  阿旺江村-41624318/第18组--redfortress 《赤色要塞》/Bin/common/gameScripts/audio.cs.
Loading compiled script E:/星麦梦/北科大学习/大一下/计算机实践/第18组  黄军锋-41624324  张笑予-41624317  阿旺江村-41624318/第18组--redfortress 《赤色要塞》/Bin/common/gameScripts/canvas.cs.
Loading compiled script E:/星麦梦/北科大学习/大一下/计算机实践/第18组  黄军锋-41624324  张笑予-41624317  阿旺江村-41624318/第18组--redfortress 《赤色要塞》/Bin/common/gameScripts/cursor.cs.
Video Init:
   Accelerated OpenGL display device detected.
   Accelerated D3D device not detected.
   Voodoo 2 display device not detected.

Activating the OpenGL display device...
Activating the OpenGL display device...
Setting screen mode to 320x320x32 (w)...
Creating a new window...
Acquiring a new device context...
Pixel format set:
  32 color bits, 24 depth bits, 8 stencil bits
Creating a new rendering context...
Making the new rendering context current...
OpenGL driver information:
  Vendor: NVIDIA Corporation
  Renderer: GeForce GTX 960M/PCIe/SSE2
  Version: 4.6.0 NVIDIA 422.02
OpenGL Init: Enabled Extensions
  ARB_multitexture (Max Texture Units: 4)
  EXT_blend_color
  EXT_blend_minmax
  EXT_compiled_vertex_array
  NV_vertex_array_range
  EXT_texture_env_combine
  EXT_packed_pixels
  EXT_fog_coord
  ARB_texture_compression
  EXT_texture_compression_s3tc
  (ARB|EXT)_texture_env_add
  EXT_texture_filter_anisotropic (Max anisotropy: 16)
  WGL_EXT_swap_control
OpenGL Init: Disabled Extensions
  EXT_paletted_texture
  3DFX_texture_compression_FXT1

Max Texture Size reported as: 16384
Setting screen mode to 800x600x32 (w)...
OpenAL Driver Init:
   Failed to initialize driver.
Loading compiled script E:/星麦梦/北科大学习/大一下/计算机实践/第18组  黄军锋-41624324  张笑予-41624317  阿旺江村-41624318/第18组--redfortress 《赤色要塞》/Bin/common/gui/profiles.cs.
Loading compiled script E:/星麦梦/北科大学习/大一下/计算机实践/第18组  黄军锋-41624324  张笑予-41624317  阿旺江村-41624318/第18组--redfortress 《赤色要塞》/Bin/common/gui/cursors.cs.
Loading compiled script E:/星麦梦/北科大学习/大一下/计算机实践/第18组  黄军锋-41624324  张笑予-41624317  阿旺江村-41624318/第18组--redfortress 《赤色要塞》/Bin/common/gui/messageBoxOk.gui.
Loading compiled script E:/星麦梦/北科大学习/大一下/计算机实践/第18组  黄军锋-41624324  张笑予-41624317  阿旺江村-41624318/第18组--redfortress 《赤色要塞》/Bin/common/gui/messageBoxYesNo.gui.
Loading compiled script E:/星麦梦/北科大学习/大一下/计算机实践/第18组  黄军锋-41624324  张笑予-41624317  阿旺江村-41624318/第18组--redfortress 《赤色要塞》/Bin/common/gui/messageBoxYesNoCancel.gui.
Loading compiled script E:/星麦梦/北科大学习/大一下/计算机实践/第18组  黄军锋-41624324  张笑予-41624317  阿旺江村-41624318/第18组--redfortress 《赤色要塞》/Bin/common/gui/messageBoxOKCancel.gui.
Loading compiled script E:/星麦梦/北科大学习/大一下/计算机实践/第18组  黄军锋-41624324  张笑予-41624317  阿旺江村-41624318/第18组--redfortress 《赤色要塞》/Bin/common/gui/messageBoxOKCancelDetailsDlg.gui.
Loading compiled script E:/星麦梦/北科大学习/大一下/计算机实践/第18组  黄军锋-41624324  张笑予-41624317  阿旺江村-41624318/第18组--redfortress 《赤色要塞》/Bin/common/gui/messagePopup.gui.
Loading compiled script E:/星麦梦/北科大学习/大一下/计算机实践/第18组  黄军锋-41624324  张笑予-41624317  阿旺江村-41624318/第18组--redfortress 《赤色要塞》/Bin/common/gui/options.gui.
Loading compiled script E:/星麦梦/北科大学习/大一下/计算机实践/第18组  黄军锋-41624324  张笑予-41624317  阿旺江村-41624318/第18组--redfortress 《赤色要塞》/Bin/common/gui/remap.gui.
Loading compiled script E:/星麦梦/北科大学习/大一下/计算机实践/第18组  黄军锋-41624324  张笑予-41624317  阿旺江村-41624318/第18组--redfortress 《赤色要塞》/Bin/common/gui/console.gui.
Loading compiled script E:/星麦梦/北科大学习/大一下/计算机实践/第18组  黄军锋-41624324  张笑予-41624317  阿旺江村-41624318/第18组--redfortress 《赤色要塞》/Bin/common/gui/NetworkMenu.gui.
Loading compiled script E:/星麦梦/北科大学习/大一下/计算机实践/第18组  黄军锋-41624324  张笑予-41624317  阿旺江村-41624318/第18组--redfortress 《赤色要塞》/Bin/common/gui/startServer.gui.
Loading compiled script E:/星麦梦/北科大学习/大一下/计算机实践/第18组  黄军锋-41624324  张笑予-41624317  阿旺江村-41624318/第18组--redfortress 《赤色要塞》/Bin/common/gui/joinServer.gui.
Loading compiled script E:/星麦梦/北科大学习/大一下/计算机实践/第18组  黄军锋-41624324  张笑予-41624317  阿旺江村-41624318/第18组--redfortress 《赤色要塞》/Bin/common/gui/waitingForServer.gui.
Loading compiled script E:/星麦梦/北科大学习/大一下/计算机实践/第18组  黄军锋-41624324  张笑予-41624317  阿旺江村-41624318/第18组--redfortress 《赤色要塞》/Bin/common/gui/helpDlg.gui.
Loading compiled script E:/星麦梦/北科大学习/大一下/计算机实践/第18组  黄军锋-41624324  张笑予-41624317  阿旺江村-41624318/第18组--redfortress 《赤色要塞》/Bin/common/gui/messageBox.cs.
Loading compiled script E:/星麦梦/北科大学习/大一下/计算机实践/第18组  黄军锋-41624324  张笑予-41624317  阿旺江村-41624318/第18组--redfortress 《赤色要塞》/Bin/common/gui/help.cs.
Loading compiled script E:/星麦梦/北科大学习/大一下/计算机实践/第18组  黄军锋-41624324  张笑予-41624317  阿旺江村-41624318/第18组--redfortress 《赤色要塞》/Bin/common/gui/chatGui.gui.
Loading compiled script E:/星麦梦/北科大学习/大一下/计算机实践/第18组  黄军锋-41624324  张笑予-41624317  阿旺江村-41624318/第18组--redfortress 《赤色要塞》/Bin/common/gameScripts/screenshot.cs.
Loading compiled script E:/星麦梦/北科大学习/大一下/计算机实践/第18组  黄军锋-41624324  张笑予-41624317  阿旺江村-41624318/第18组--redfortress 《赤色要塞》/Bin/common/gameScripts/metrics.cs.
Loading compiled script E:/星麦梦/北科大学习/大一下/计算机实践/第18组  黄军锋-41624324  张笑予-41624317  阿旺江村-41624318/第18组--redfortress 《赤色要塞》/Bin/common/Gui/FrameOverlayGui.gui.
Loading compiled script E:/星麦梦/北科大学习/大一下/计算机实践/第18组  黄军锋-41624324  张笑予-41624317  阿旺江村-41624318/第18组--redfortress 《赤色要塞》/Bin/common/gameScripts/scriptDoc.cs.
Loading compiled script E:/星麦梦/北科大学习/大一下/计算机实践/第18组  黄军锋-41624324  张笑予-41624317  阿旺江村-41624318/第18组--redfortress 《赤色要塞》/Bin/common/gameScripts/keybindings.cs.
Loading compiled script E:/星麦梦/北科大学习/大一下/计算机实践/第18组  黄军锋-41624324  张笑予-41624317  阿旺江村-41624318/第18组--redfortress 《赤色要塞》/Bin/common/gameScripts/options.cs.
Loading compiled script E:/星麦梦/北科大学习/大一下/计算机实践/第18组  黄军锋-41624324  张笑予-41624317  阿旺江村-41624318/第18组--redfortress 《赤色要塞》/Bin/common/gameScripts/levelManagement.cs.
Loading compiled script E:/星麦梦/北科大学习/大一下/计算机实践/第18组  黄军锋-41624324  张笑予-41624317  阿旺江村-41624318/第18组--redfortress 《赤色要塞》/Bin/common/gameScripts/projectManagement.cs.
Loading compiled script E:/星麦梦/北科大学习/大一下/计算机实践/第18组  黄军锋-41624324  张笑予-41624317  阿旺江村-41624318/第18组--redfortress 《赤色要塞》/Bin/common/gameScripts/projectResources.cs.
Loading compiled script E:/星麦梦/北科大学习/大一下/计算机实践/第18组  黄军锋-41624324  张笑予-41624317  阿旺江村-41624318/第18组--redfortress 《赤色要塞》/Bin/common/gameScripts/align.cs.

FunCode (v1.7.5) initialized...
Loading compiled script E:/星麦梦/北科大学习/大一下/计算机实践/第18组  黄军锋-41624324  张笑予-41624317  阿旺江村-41624318/第18组--redfortress 《赤色要塞》/Bin/game/managed/datablocks.cs.
Loading compiled script E:/星麦梦/北科大学习/大一下/计算机实践/第18组  黄军锋-41624324  张笑予-41624317  阿旺江村-41624318/第18组--redfortress 《赤色要塞》/Bin/game/managed/persistent.cs.
Compiling E:/星麦梦/北科大学习/大一下/计算机实践/第18组  黄军锋-41624324  张笑予-41624317  阿旺江村-41624318/第18组--redfortress 《赤色要塞》/Bin/game/managed/brushes.cs...
Loading compiled script E:/星麦梦/北科大学习/大一下/计算机实践/第18组  黄军锋-41624324  张笑予-41624317  阿旺江村-41624318/第18组--redfortress 《赤色要塞》/Bin/game/managed/brushes.cs.
Loading compiled script E:/星麦梦/北科大学习/大一下/计算机实践/第18组  黄军锋-41624324  张笑予-41624317  阿旺江村-41624318/第18组--redfortress 《赤色要塞》/Bin/game/gameScripts/datablocks.cs.
Loading compiled script E:/星麦梦/北科大学习/大一下/计算机实践/第18组  黄军锋-41624324  张笑予-41624317  阿旺江村-41624318/第18组--redfortress 《赤色要塞》/Bin/game/gameScripts/guiProfiles.cs.
Loading compiled script E:/星麦梦/北科大学习/大一下/计算机实践/第18组  黄军锋-41624324  张笑予-41624317  阿旺江村-41624318/第18组--redfortress 《赤色要塞》/Bin/game/gui/mainScreen.gui.
Loading compiled script E:/星麦梦/北科大学习/大一下/计算机实践/第18组  黄军锋-41624324  张笑予-41624317  阿旺江村-41624318/第18组--redfortress 《赤色要塞》/Bin/game/gameScripts/game.cs.
Activating DirectInput...
DirectInput joystick failed to enable!
Compiling E:/星麦梦/北科大学习/大一下/计算机实践/第18组  黄军锋-41624324  张笑予-41624317  阿旺江村-41624318/第18组--redfortress 《赤色要塞》/Bin/game/data/levels/level.t2d...
Loading compiled script E:/星麦梦/北科大学习/大一下/计算机实践/第18组  黄军锋-41624324  张笑予-41624317  阿旺江村-41624318/第18组--redfortress 《赤色要塞》/Bin/game/data/levels/level.t2d.
Namespace::unlinkClass - cannot unlink namespace parent linkage for boom2 for t2dAnimatedSprite.
Error: cannot change namespace parent linkage of boom2 from t2dAnimatedSprite to t2dParticleEffect.
t2dSceneGraph::addToScene() - Object '1489' is already in a SceneGraph!.
t2dSceneGraph::addToScene() - Object '1490' is already in a SceneGraph!.
t2dSceneGraph::addToScene() - Object '1491' is already in a SceneGraph!.
t2dSceneGraph::addToScene() - Object '1492' is already in a SceneGraph!.
t2dSceneGraph::addToScene() - Object '1493' is already in a SceneGraph!.
t2dSceneGraph::addToScene() - Object '1494' is already in a SceneGraph!.
t2dSceneGraph::addToScene() - Object '1495' is already in a SceneGraph!.
t2dSceneGraph::addToScene() - Object '1496' is already in a SceneGraph!.
t2dSceneGraph::addToScene() - Object '1497' is already in a SceneGraph!.
t2dSceneGraph::addToScene() - Object '1498' is already in a SceneGraph!.
t2dSceneGraph::addToScene() - Object '1499' is already in a SceneGraph!.
t2dSceneGraph::addToScene() - Object '1500' is already in a SceneGraph!.
t2dSceneGraph::addToScene() - Object '1501' is already in a SceneGraph!.
t2dSceneGraph::addToScene() - Object '1502' is already in a SceneGraph!.
t2dSceneGraph::addToScene() - Object '1503' is already in a SceneGraph!.
t2dSceneGraph::addToScene() - Object '1504' is already in a SceneGraph!.
t2dSceneGraph::addToScene() - Object '1505' is already in a SceneGraph!.
t2dSceneGraph::addToScene() - Object '1506' is already in a SceneGraph!.
t2dSceneGraph::addToScene() - Object '1507' is already in a SceneGraph!.
t2dSceneGraph::addToScene() - Object '1508' is already in a SceneGraph!.
t2dSceneGraph::addToScene() - Object '1509' is already in a SceneGraph!.
t2dSceneGraph::addToScene() - Object '1510' is already in a SceneGraph!.
t2dSceneGraph::addToScene() - Object '1511' is already in a SceneGraph!.
t2dSceneGraph::addToScene() - Object '1512' is already in a SceneGraph!.
t2dSceneGraph::addToScene() - Object '1513' is already in a SceneGraph!.
t2dSceneGraph::addToScene() - Object '1514' is already in a SceneGraph!.
t2dSceneGraph::addToScene() - Object '1515' is already in a SceneGraph!.
t2dSceneGraph::addToScene() - Object '1516' is already in a SceneGraph!.
t2dSceneGraph::addToScene() - Object '1517' is already in a SceneGraph!.
t2dSceneGraph::addToScene() - Object '1518' is already in a SceneGraph!.
t2dSceneGraph::addToScene() - Object '1519' is already in a SceneGraph!.
t2dSceneGraph::addToScene() - Object '1522' is already in a SceneGraph!.
t2dSceneGraph::addToScene() - Object '1523' is already in a SceneGraph!.
t2dSceneGraph::addToScene() - Object '1524' is already in a SceneGraph!.
t2dSceneGraph::addToScene() - Object '1525' is already in a SceneGraph!.
t2dSceneGraph::addToScene() - Object '1526' is already in a SceneGraph!.
t2dSceneGraph::addToScene() - Object '1527' is already in a SceneGraph!.
t2dSceneGraph::addToScene() - Object '1528' is already in a SceneGraph!.
t2dSceneGraph::addToScene() - Object '1529' is already in a SceneGraph!.
t2dSceneGraph::addToScene() - Object '1530' is already in a SceneGraph!.
t2dSceneGraph::addToScene() - Object '1531' is already in a SceneGraph!.
t2dSceneGraph::addToScene() - Object '1532' is already in a SceneGraph!.
t2dSceneGraph::addToScene() - Object '1533' is already in a SceneGraph!.
t2dSceneGraph::addToScene() - Object '1534' is already in a SceneGraph!.
t2dSceneGraph::addToScene() - Object '1535' is already in a SceneGraph!.
t2dSceneGraph::addToScene() - Object '1536' is already in a SceneGraph!.
t2dSceneGraph::addToScene() - Object '1539' is already in a SceneGraph!.
t2dSceneGraph::addToScene() - Object '1540' is already in a SceneGraph!.
t2dSceneGraph::addToScene() - Object '1541' is already in a SceneGraph!.
t2dSceneGraph::addToScene() - Object '1544' is already in a SceneGraph!.
t2dSceneGraph::addToScene() - Object '1545' is already in a SceneGraph!.
t2dSceneGraph::addToScene() - Object '1546' is already in a SceneGraph!.
t2dSceneGraph::addToScene() - Object '1547' is already in a SceneGraph!.
t2dSceneGraph::addToScene() - Object '1548' is already in a SceneGraph!.
t2dSceneGraph::addToScene() - Object '1549' is already in a SceneGraph!.
t2dSceneGraph::addToScene() - Object '1550' is already in a SceneGraph!.
t2dSceneGraph::addToScene() - Object '1551' is already in a SceneGraph!.
t2dSceneGraph::addToScene() - Object '1552' is already in a SceneGraph!.
t2dSceneGraph::addToScene() - Object '1553' is already in a SceneGraph!.
t2dSceneGraph::addToScene() - Object '1554' is already in a SceneGraph!.
t2dSceneGraph::addToScene() - Object '1555' is already in a SceneGraph!.
t2dSceneGraph::addToScene() - Object '1558' is already in a SceneGraph!.
t2dSceneGraph::addToScene() - Object '1559' is already in a SceneGraph!.
t2dSceneGraph::addToScene() - Object '1560' is already in a SceneGraph!.
t2dSceneGraph::addToScene() - Object '1561' is already in a SceneGraph!.
Namespace::unlinkClass - cannot unlink namespace parent linkage for boom2 for t2dAnimatedSprite.
Error: cannot change namespace parent linkage of boom2 from t2dAnimatedSprite to t2dParticleEffect.
t2dSceneGraph::addToScene() - Object '1562' is already in a SceneGraph!.
t2dSceneGraph::addToScene() - Object '1567' is already in a SceneGraph!.
t2dSceneGraph::addToScene() - Object '1568' is already in a SceneGraph!.
t2dSceneGraph::addToScene() - Object '1569' is already in a SceneGraph!.
t2dSceneGraph::addToScene() - Object '1570' is already in a SceneGraph!.
t2dSceneGraph::addToScene() - Object '1571' is already in a SceneGraph!.
Namespace::unlinkClass - cannot unlink namespace parent linkage for boom2 for t2dAnimatedSprite.
Error: cannot change namespace parent linkage of boom2 from t2dAnimatedSprite to t2dParticleEffect.
t2dSceneGraph::addToScene() - Object '1572' is already in a SceneGraph!.
t2dSceneGraph::addToScene() - Object '1577' is already in a SceneGraph!.
t2dSceneGraph::addToScene() - Object '1578' is already in a SceneGraph!.
t2dSceneGraph::addToScene() - Object '1579' is already in a SceneGraph!.
t2dSceneGraph::addToScene() - Object '1580' is already in a SceneGraph!.
t2dSceneGraph::addToScene() - Object '1581' is already in a SceneGraph!.
t2dSceneGraph::addToScene() - Object '1582' is already in a SceneGraph!.
t2dSceneGraph::addToScene() - Object '1583' is already in a SceneGraph!.
t2dSceneGraph::addToScene() - Object '1584' is already in a SceneGraph!.
t2dSceneGraph::addToScene() - Object '1585' is already in a SceneGraph!.
Namespace::unlinkClass - cannot unlink namespace parent linkage for boom2 for t2dAnimatedSprite.
Error: cannot change namespace parent linkage of boom2 from t2dAnimatedSprite to t2dParticleEffect.
t2dSceneGraph::addToScene() - Object '1586' is already in a SceneGraph!.
t2dSceneGraph::addToScene() - Object '1591' is already in a SceneGraph!.
t2dSceneGraph::addToScene() - Object '1592' is already in a SceneGraph!.
t2dSceneGraph::addToScene() - Object '1593' is already in a SceneGraph!.
t2dSceneGraph::addToScene() - Object '1594' is already in a SceneGraph!.
t2dSceneGraph::addToScene() - Object '1595' is already in a SceneGraph!.
t2dSceneGraph::addToScene() - Object '1596' is already in a SceneGraph!.
t2dSceneGraph::addToScene() - Object '1597' is already in a SceneGraph!.
t2dSceneGraph::addToScene() - Object '1598' is already in a SceneGraph!.
t2dSceneGraph::addToScene() - Object '1601' is already in a SceneGraph!.
t2dSceneGraph::addToScene() - Object '1602' is already in a SceneGraph!.
t2dSceneGraph::addToScene() - Object '1603' is already in a SceneGraph!.
DirectInput deactivated.
Shutting down the OpenGL display device...
Making the GL rendering context not current...
Deleting the GL rendering context...
Releasing the device context...
