..\..\..\Bin\Game.pdb
E:\星麦梦\北科大学习\大一下\计算机实践\REDFORTRESS\BIN\GAME.EXE
E:\星麦梦\北科大学习\大一下\计算机实践\redfortress\SourceCode\VCProject2010\VCProject2010\..\..\..\Bin\Game.exe
E:\星麦梦\北科大学习\大一下\计算机实践\redfortress\SourceCode\VCProject2010\VCProject2010\Debug\cl.command.1.tlog
E:\星麦梦\北科大学习\大一下\计算机实践\redfortress\SourceCode\VCProject2010\VCProject2010\Debug\CL.read.1.tlog
E:\星麦梦\北科大学习\大一下\计算机实践\redfortress\SourceCode\VCProject2010\VCProject2010\Debug\CL.write.1.tlog
E:\星麦梦\北科大学习\大一下\计算机实践\REDFORTRESS\SOURCECODE\VCPROJECT2010\VCPROJECT2010\DEBUG\GAME.PDB
E:\星麦梦\北科大学习\大一下\计算机实践\REDFORTRESS\SOURCECODE\VCPROJECT2010\VCPROJECT2010\DEBUG\LESSONX.OBJ
E:\星麦梦\北科大学习\大一下\计算机实践\redfortress\SourceCode\VCProject2010\VCProject2010\Debug\link.command.1.tlog
E:\星麦梦\北科大学习\大一下\计算机实践\redfortress\SourceCode\VCProject2010\VCProject2010\Debug\link.read.1.tlog
E:\星麦梦\北科大学习\大一下\计算机实践\redfortress\SourceCode\VCProject2010\VCProject2010\Debug\link.write.1.tlog
E:\星麦梦\北科大学习\大一下\计算机实践\redfortress\SourceCode\VCProject2010\VCProject2010\Debug\link-cvtres.read.1.tlog
E:\星麦梦\北科大学习\大一下\计算机实践\redfortress\SourceCode\VCProject2010\VCProject2010\Debug\link-cvtres.write.1.tlog
E:\星麦梦\北科大学习\大一下\计算机实践\REDFORTRESS\SOURCECODE\VCPROJECT2010\VCPROJECT2010\DEBUG\MAIN.OBJ
E:\星麦梦\北科大学习\大一下\计算机实践\redfortress\SourceCode\VCProject2010\VCProject2010\Debug\rc.command.1.tlog
E:\星麦梦\北科大学习\大一下\计算机实践\redfortress\SourceCode\VCProject2010\VCProject2010\Debug\rc.read.1.tlog
E:\星麦梦\北科大学习\大一下\计算机实践\redfortress\SourceCode\VCProject2010\VCProject2010\Debug\rc.write.1.tlog
E:\星麦梦\北科大学习\大一下\计算机实践\redfortress\SourceCode\VCProject2010\VCProject2010\Debug\vc100.idb
E:\星麦梦\北科大学习\大一下\计算机实践\REDFORTRESS\SOURCECODE\VCPROJECT2010\VCPROJECT2010\DEBUG\VC100.PDB
E:\星麦梦\北科大学习\大一下\计算机实践\redfortress\SourceCode\VCProject2010\VCProject2010\Debug\VCProject2010.write.1.tlog
E:\星麦梦\北科大学习\大一下\计算机实践\REDFORTRESS\SOURCECODE\VCPROJECT2010\VCPROJECT2010\DEBUG\VCTEMPLATE.RES
